app/mapping.txt
com.cdel.sophixdemo.MainActivity -> com.cdel.sophixdemo.MainActivity:
    14:14:void <init>() -> <init>
    18:24:void onCreate(android.os.Bundle) -> onCreate
    27:28:void initViewListener() -> i
    31:42:void initView() -> j
    47:48:boolean onCreateOptionsMenu(android.view.Menu) -> onCreateOptionsMenu
    56:63:boolean onOptionsItemSelected(android.view.MenuItem) -> onOptionsItemSelected
    68:74:void onClick(android.view.View) -> onClick
    83:84:void doQueryPatch() -> k
com.cdel.sophixdemo.MainActivity$1 -> com.cdel.sophixdemo.MainActivity$1:
    com.cdel.sophixdemo.MainActivity this$0 -> a
    35:35:void <init>(com.cdel.sophixdemo.MainActivity) -> <init>
    38:40:void onClick(android.view.View) -> onClick
com.cdel.sophixdemo.ModelApplication -> com.cdel.sophixdemo.ModelApplication:
    13:13:void <init>() -> <init>
    17:18:void onCreate() -> onCreate
com.cdel.sophixdemo.SophixStubApplication -> com.cdel.sophixdemo.SophixStubApplication:
    java.lang.String TAG -> e
    int SOPHIX_VETSION -> a
    boolean SOPHIX_STATUS_SUCCESS -> b
    int SOPHIX_STATISTICS_CODE -> c
    int SOPHIX_STATUS_CODE -> d
    26:27:void <init>() -> <init>
    60:64:void attachBaseContext(android.content.Context) -> attachBaseContext
    73:122:void initSophix() -> a
    32:44:void <clinit>() -> <clinit>
com.cdel.sophixdemo.SophixStubApplication$1 -> com.cdel.sophixdemo.SophixStubApplication$1:
    com.cdel.sophixdemo.SophixStubApplication this$0 -> a
    91:91:void <init>(com.cdel.sophixdemo.SophixStubApplication) -> <init>
    95:120:void onLoad(int,int,java.lang.String,int) -> onLoad
com.cdel.sophixdemo.SophixStubApplication$RealApplicationStub -> com.cdel.sophixdemo.SophixStubApplication$RealApplicationStub:
    55:55:void <init>() -> <init>
...
android.support.design.widget.NavigationView -> android.support.design.widget.NavigationView:
    int[] CHECKED_STATE_SET -> d
    int[] DISABLED_STATE_SET -> e
    android.support.design.internal.NavigationMenu mMenu -> f
    android.support.design.internal.NavigationMenuPresenter mPresenter -> g
    android.support.design.widget.NavigationView$OnNavigationItemSelectedListener mListener -> c
    int mMaxWidth -> h
    android.view.MenuInflater mMenuInflater -> i
    100:101:void <init>(android.content.Context,android.util.AttributeSet) -> <init>
    88:182:void <init>(android.content.Context,android.util.AttributeSet,int) -> <init>
    186:190:android.os.Parcelable onSaveInstanceState() -> onSaveInstanceState
    195:202:void onRestoreInstanceState(android.os.Parcelable) -> onRestoreInstanceState
    211:212:void setNavigationItemSelectedListener(android.support.design.widget.NavigationView$OnNavigationItemSelectedListener) -> setNavigationItemSelectedListener
    216:230:void onMeasure(int,int) -> onMeasure
    238:239:void onInsetsChanged(android.support.v4.view.WindowInsetsCompat) -> a
    249:253:void inflateMenu(int) -> a
    259:259:android.view.Menu getMenu() -> getMenu
    269:269:android.view.View inflateHeaderView(int) -> b
    296:296:int getHeaderCount() -> getHeaderCount
    319:319:android.content.res.ColorStateList getItemIconTintList() -> getItemIconTintList
    330:331:void setItemIconTintList(android.content.res.ColorStateList) -> setItemIconTintList
android.support.design.widget.NavigationView$1 -> android.support.design.widget.NavigationView$1:
    android.support.design.widget.NavigationView this$0 -> a
    153:153:void <init>(android.support.design.widget.NavigationView) -> <init>
    156:156:boolean onMenuItemSelected(android.support.v7.view.menu.MenuBuilder,android.view.MenuItem) -> a
    160:160:void onMenuModeChange(android.support.v7.view.menu.MenuBuilder) -> a
android.support.design.widget.NavigationView$OnNavigationItemSelectedListener -> android.support.design.widget.NavigationView$a:
    boolean onNavigationItemSelected(android.view.MenuItem) -> a
android.support.design.widget.NavigationView$SavedState -> android.support.design.widget.NavigationView$SavedState:
    android.os.Bundle menuState -> a
    android.os.Parcelable$Creator CREATOR -> CREATOR
    464:466:void <init>(android.os.Parcel,java.lang.ClassLoader) -> <init>
    469:470:void <init>(android.os.Parcelable) -> <init>
    474:476:void writeToParcel(android.os.Parcel,int) -> writeToParcel
    478:479:void <clinit>() -> <clinit>
android.support.design.widget.NavigationView$SavedState$1 -> android.support.design.widget.NavigationView$SavedState$1:
    479:479:void <init>() -> <init>
    482:482:android.support.design.widget.NavigationView$SavedState createFromParcel(android.os.Parcel,java.lang.ClassLoader) -> a
    487:487:android.support.design.widget.NavigationView$SavedState[] newArray(int) -> a
    479:479:java.lang.Object[] newArray(int) -> b
    479:479:java.lang.Object createFromParcel(android.os.Parcel,java.lang.ClassLoader) -> b